<?xml version="1.0" encoding="UTF-8" standalone="no"?>
<testsuite errors="0" failures="5" name="io.cucumber.core.plugin.JUnitFormatter" skipped="0" tests="14" time="903.219">
<testcase classname="US1005_Walmart_parameter_arama" name="TC07_aranan_kelime_title’da_olmali" time="172.965">
<system-out><![CDATA[When kullanici walmart ana sayfaya gider....................................passed
Then walmart sayfasinda "Nutella" icin arama yapar..........................passed
Then walmartta sayfa basliginin "Nutella" icerdigini test eder..............passed
And kullanici sayfayi kapatir...............................................passed
]]></system-out>
</testcase>
<testcase classname="US1005_Walmart_parameter_arama" name="TC07_aranan_kelime_title’da_olmali_2" time="80.298">
<system-out><![CDATA[When kullanici walmart ana sayfaya gider....................................passed
Then walmart sayfasinda "pencil" icin arama yapar...........................passed
Then walmartta sayfa basliginin "pencil" icerdigini test eder...............passed
And kullanici sayfayi kapatir...............................................passed
]]></system-out>
</testcase>
<testcase classname="US1005_Walmart_parameter_arama" name="TC07_aranan_kelime_title’da_olmali_3" time="119.255">
<failure message="unknown error: failed to change window state to 'normal', current state is 'maximized'&#10;  (Session info: chrome=87.0.4280.88)&#10;Build info: version: '3.141.59', revision: 'e82be7d358', time: '2018-11-14T08:17:03'&#10;System info: host: 'PC-BILGISAYAR', ip: '192.168.60.91', os.name: 'Windows 7', os.arch: 'amd64', os.version: '6.1', java.version: '1.8.0_261'&#10;Driver info: org.openqa.selenium.chrome.ChromeDriver&#10;Capabilities {acceptInsecureCerts: false, browserName: chrome, browserVersion: 87.0.4280.88, chrome: {chromedriverVersion: 87.0.4280.88 (89e2380a3e36c..., userDataDir: C:\Users\pc\AppData\Local\T...}, goog:chromeOptions: {debuggerAddress: localhost:52829}, javascriptEnabled: true, networkConnectionEnabled: false, pageLoadStrategy: normal, platform: WINDOWS, platformName: WINDOWS, proxy: Proxy(), setWindowRect: true, strictFileInteractability: false, timeouts: {implicit: 0, pageLoad: 300000, script: 30000}, unhandledPromptBehavior: dismiss and notify, webauthn:virtualAuthenticators: true}&#10;Session ID: abedbd42904ee8f0b80a7be45854594d" type="org.openqa.selenium.WebDriverException"><![CDATA[When kullanici walmart ana sayfaya gider....................................passed
Then walmart sayfasinda "tomatoes" icin arama yapar.........................passed
Then walmartta sayfa basliginin "tomatoes" icerdigini test eder.............failed
And kullanici sayfayi kapatir...............................................skipped

StackTrace:
org.openqa.selenium.WebDriverException: unknown error: failed to change window state to 'normal', current state is 'maximized'
  (Session info: chrome=87.0.4280.88)
Build info: version: '3.141.59', revision: 'e82be7d358', time: '2018-11-14T08:17:03'
System info: host: 'PC-BILGISAYAR', ip: '192.168.60.91', os.name: 'Windows 7', os.arch: 'amd64', os.version: '6.1', java.version: '1.8.0_261'
Driver info: org.openqa.selenium.chrome.ChromeDriver
Capabilities {acceptInsecureCerts: false, browserName: chrome, browserVersion: 87.0.4280.88, chrome: {chromedriverVersion: 87.0.4280.88 (89e2380a3e36c..., userDataDir: C:\Users\pc\AppData\Local\T...}, goog:chromeOptions: {debuggerAddress: localhost:52829}, javascriptEnabled: true, networkConnectionEnabled: false, pageLoadStrategy: normal, platform: WINDOWS, platformName: WINDOWS, proxy: Proxy(), setWindowRect: true, strictFileInteractability: false, timeouts: {implicit: 0, pageLoad: 300000, script: 30000}, unhandledPromptBehavior: dismiss and notify, webauthn:virtualAuthenticators: true}
Session ID: abedbd42904ee8f0b80a7be45854594d
	at sun.reflect.NativeConstructorAccessorImpl.newInstance0(Native Method)
	at sun.reflect.NativeConstructorAccessorImpl.newInstance(NativeConstructorAccessorImpl.java:62)
	at sun.reflect.DelegatingConstructorAccessorImpl.newInstance(DelegatingConstructorAccessorImpl.java:45)
	at java.lang.reflect.Constructor.newInstance(Constructor.java:423)
	at org.openqa.selenium.remote.http.W3CHttpResponseCodec.createException(W3CHttpResponseCodec.java:187)
	at org.openqa.selenium.remote.http.W3CHttpResponseCodec.decode(W3CHttpResponseCodec.java:122)
	at org.openqa.selenium.remote.http.W3CHttpResponseCodec.decode(W3CHttpResponseCodec.java:49)
	at org.openqa.selenium.remote.HttpCommandExecutor.execute(HttpCommandExecutor.java:158)
	at org.openqa.selenium.remote.service.DriverCommandExecutor.execute(DriverCommandExecutor.java:83)
	at org.openqa.selenium.remote.RemoteWebDriver.execute(RemoteWebDriver.java:552)
	at org.openqa.selenium.remote.RemoteWebDriver.execute(RemoteWebDriver.java:609)
	at org.openqa.selenium.remote.RemoteWebDriver$RemoteWebDriverOptions$RemoteWindow.maximize(RemoteWebDriver.java:837)
	at utilities.Driver.getDriver(Driver.java:44)
	at stepdefinitions.WalmartStepDefinitions.walmartta_sayfa_basliginin_icerdigini_test_eder(WalmartStepDefinitions.java:22)
	at ✽.walmartta sayfa basliginin "tomatoes" icerdigini test eder(file:///C:/Users/pc/IdeaProjects/mycucumberframework/src/test/resources/features/US1005_Walmart_parameter_arama.feature:6)
]]></failure>
</testcase>
<testcase classname="US1005_Walmart_parameter_arama" name="TC07_aranan_kelime_title’da_olmali_4" time="120.482">
<system-out><![CDATA[When kullanici walmart ana sayfaya gider....................................passed
Then walmart sayfasinda "popcorn" icin arama yapar..........................passed
Then walmartta sayfa basliginin "popcorn" icerdigini test eder..............passed
And kullanici sayfayi kapatir...............................................passed
]]></system-out>
</testcase>
<testcase classname="US1006_Dinamik_url_test" name="TC08_her_url'e_gitmeli" time="35.678">
<failure message="unknown error: failed to change window state to 'normal', current state is 'maximized'&#10;  (Session info: chrome=87.0.4280.88)&#10;Build info: version: '3.141.59', revision: 'e82be7d358', time: '2018-11-14T08:17:03'&#10;System info: host: 'PC-BILGISAYAR', ip: '192.168.60.91', os.name: 'Windows 7', os.arch: 'amd64', os.version: '6.1', java.version: '1.8.0_261'&#10;Driver info: org.openqa.selenium.chrome.ChromeDriver&#10;Capabilities {acceptInsecureCerts: false, browserName: chrome, browserVersion: 87.0.4280.88, chrome: {chromedriverVersion: 87.0.4280.88 (89e2380a3e36c..., userDataDir: C:\Users\pc\AppData\Local\T...}, goog:chromeOptions: {debuggerAddress: localhost:53575}, javascriptEnabled: true, networkConnectionEnabled: false, pageLoadStrategy: normal, platform: WINDOWS, platformName: WINDOWS, proxy: Proxy(), setWindowRect: true, strictFileInteractability: false, timeouts: {implicit: 0, pageLoad: 300000, script: 30000}, unhandledPromptBehavior: dismiss and notify, webauthn:virtualAuthenticators: true}&#10;Session ID: 327c3d203129c1db1fcf68b440fbd9a8" type="org.openqa.selenium.WebDriverException"><![CDATA[When kullanici "amazon_url" anasayfaya gider................................passed
Then "amazon_url" de oldugunu test eder.....................................failed
And kullanici sayfayi kapatir...............................................skipped

StackTrace:
org.openqa.selenium.WebDriverException: unknown error: failed to change window state to 'normal', current state is 'maximized'
  (Session info: chrome=87.0.4280.88)
Build info: version: '3.141.59', revision: 'e82be7d358', time: '2018-11-14T08:17:03'
System info: host: 'PC-BILGISAYAR', ip: '192.168.60.91', os.name: 'Windows 7', os.arch: 'amd64', os.version: '6.1', java.version: '1.8.0_261'
Driver info: org.openqa.selenium.chrome.ChromeDriver
Capabilities {acceptInsecureCerts: false, browserName: chrome, browserVersion: 87.0.4280.88, chrome: {chromedriverVersion: 87.0.4280.88 (89e2380a3e36c..., userDataDir: C:\Users\pc\AppData\Local\T...}, goog:chromeOptions: {debuggerAddress: localhost:53575}, javascriptEnabled: true, networkConnectionEnabled: false, pageLoadStrategy: normal, platform: WINDOWS, platformName: WINDOWS, proxy: Proxy(), setWindowRect: true, strictFileInteractability: false, timeouts: {implicit: 0, pageLoad: 300000, script: 30000}, unhandledPromptBehavior: dismiss and notify, webauthn:virtualAuthenticators: true}
Session ID: 327c3d203129c1db1fcf68b440fbd9a8
	at sun.reflect.NativeConstructorAccessorImpl.newInstance0(Native Method)
	at sun.reflect.NativeConstructorAccessorImpl.newInstance(NativeConstructorAccessorImpl.java:62)
	at sun.reflect.DelegatingConstructorAccessorImpl.newInstance(DelegatingConstructorAccessorImpl.java:45)
	at java.lang.reflect.Constructor.newInstance(Constructor.java:423)
	at org.openqa.selenium.remote.http.W3CHttpResponseCodec.createException(W3CHttpResponseCodec.java:187)
	at org.openqa.selenium.remote.http.W3CHttpResponseCodec.decode(W3CHttpResponseCodec.java:122)
	at org.openqa.selenium.remote.http.W3CHttpResponseCodec.decode(W3CHttpResponseCodec.java:49)
	at org.openqa.selenium.remote.HttpCommandExecutor.execute(HttpCommandExecutor.java:158)
	at org.openqa.selenium.remote.service.DriverCommandExecutor.execute(DriverCommandExecutor.java:83)
	at org.openqa.selenium.remote.RemoteWebDriver.execute(RemoteWebDriver.java:552)
	at org.openqa.selenium.remote.RemoteWebDriver.execute(RemoteWebDriver.java:609)
	at org.openqa.selenium.remote.RemoteWebDriver$RemoteWebDriverOptions$RemoteWindow.maximize(RemoteWebDriver.java:837)
	at utilities.Driver.getDriver(Driver.java:44)
	at stepdefinitions.BestbuyStepDefinitions.deOldugunuTestEder(BestbuyStepDefinitions.java:20)
	at ✽."amazon_url" de oldugunu test eder(file:///C:/Users/pc/IdeaProjects/mycucumberframework/src/test/resources/features/US1006_Dinamik_url_test.feature:5)
]]></failure>
</testcase>
<testcase classname="US1006_Dinamik_url_test" name="TC08_her_url'e_gitmeli_2" time="48.526">
<system-out><![CDATA[When kullanici "bestbuy_url" anasayfaya gider...............................passed
Then "bestbuy_url" de oldugunu test eder....................................passed
And kullanici sayfayi kapatir...............................................passed
]]></system-out>
</testcase>
<testcase classname="US1006_Dinamik_url_test" name="TC08_her_url'e_gitmeli_3" time="49.453">
<failure message="unknown error: failed to change window state to 'normal', current state is 'maximized'&#10;  (Session info: chrome=87.0.4280.88)&#10;Build info: version: '3.141.59', revision: 'e82be7d358', time: '2018-11-14T08:17:03'&#10;System info: host: 'PC-BILGISAYAR', ip: '192.168.60.91', os.name: 'Windows 7', os.arch: 'amd64', os.version: '6.1', java.version: '1.8.0_261'&#10;Driver info: org.openqa.selenium.chrome.ChromeDriver&#10;Capabilities {acceptInsecureCerts: false, browserName: chrome, browserVersion: 87.0.4280.88, chrome: {chromedriverVersion: 87.0.4280.88 (89e2380a3e36c..., userDataDir: C:\Users\pc\AppData\Local\T...}, goog:chromeOptions: {debuggerAddress: localhost:53808}, javascriptEnabled: true, networkConnectionEnabled: false, pageLoadStrategy: normal, platform: WINDOWS, platformName: WINDOWS, proxy: Proxy(), setWindowRect: true, strictFileInteractability: false, timeouts: {implicit: 0, pageLoad: 300000, script: 30000}, unhandledPromptBehavior: dismiss and notify, webauthn:virtualAuthenticators: true}&#10;Session ID: fdab5e84c4afd2315d8329b910d907f6" type="org.openqa.selenium.WebDriverException"><![CDATA[When kullanici "walmart_url" anasayfaya gider...............................passed
Then "walmart_url" de oldugunu test eder....................................failed
And kullanici sayfayi kapatir...............................................skipped

StackTrace:
org.openqa.selenium.WebDriverException: unknown error: failed to change window state to 'normal', current state is 'maximized'
  (Session info: chrome=87.0.4280.88)
Build info: version: '3.141.59', revision: 'e82be7d358', time: '2018-11-14T08:17:03'
System info: host: 'PC-BILGISAYAR', ip: '192.168.60.91', os.name: 'Windows 7', os.arch: 'amd64', os.version: '6.1', java.version: '1.8.0_261'
Driver info: org.openqa.selenium.chrome.ChromeDriver
Capabilities {acceptInsecureCerts: false, browserName: chrome, browserVersion: 87.0.4280.88, chrome: {chromedriverVersion: 87.0.4280.88 (89e2380a3e36c..., userDataDir: C:\Users\pc\AppData\Local\T...}, goog:chromeOptions: {debuggerAddress: localhost:53808}, javascriptEnabled: true, networkConnectionEnabled: false, pageLoadStrategy: normal, platform: WINDOWS, platformName: WINDOWS, proxy: Proxy(), setWindowRect: true, strictFileInteractability: false, timeouts: {implicit: 0, pageLoad: 300000, script: 30000}, unhandledPromptBehavior: dismiss and notify, webauthn:virtualAuthenticators: true}
Session ID: fdab5e84c4afd2315d8329b910d907f6
	at sun.reflect.NativeConstructorAccessorImpl.newInstance0(Native Method)
	at sun.reflect.NativeConstructorAccessorImpl.newInstance(NativeConstructorAccessorImpl.java:62)
	at sun.reflect.DelegatingConstructorAccessorImpl.newInstance(DelegatingConstructorAccessorImpl.java:45)
	at java.lang.reflect.Constructor.newInstance(Constructor.java:423)
	at org.openqa.selenium.remote.http.W3CHttpResponseCodec.createException(W3CHttpResponseCodec.java:187)
	at org.openqa.selenium.remote.http.W3CHttpResponseCodec.decode(W3CHttpResponseCodec.java:122)
	at org.openqa.selenium.remote.http.W3CHttpResponseCodec.decode(W3CHttpResponseCodec.java:49)
	at org.openqa.selenium.remote.HttpCommandExecutor.execute(HttpCommandExecutor.java:158)
	at org.openqa.selenium.remote.service.DriverCommandExecutor.execute(DriverCommandExecutor.java:83)
	at org.openqa.selenium.remote.RemoteWebDriver.execute(RemoteWebDriver.java:552)
	at org.openqa.selenium.remote.RemoteWebDriver.execute(RemoteWebDriver.java:609)
	at org.openqa.selenium.remote.RemoteWebDriver$RemoteWebDriverOptions$RemoteWindow.maximize(RemoteWebDriver.java:837)
	at utilities.Driver.getDriver(Driver.java:44)
	at stepdefinitions.BestbuyStepDefinitions.deOldugunuTestEder(BestbuyStepDefinitions.java:20)
	at ✽."walmart_url" de oldugunu test eder(file:///C:/Users/pc/IdeaProjects/mycucumberframework/src/test/resources/features/US1006_Dinamik_url_test.feature:5)
]]></failure>
</testcase>
<testcase classname="US1007_kullanici_data_ekleyebilmeli" name="TC09_5_farkli kisi_ile_farkli_kombinasyonlari_calismali" time="50.818">
<system-out><![CDATA[When kullanici "datatable_url" anasayfaya gider.............................passed
Then new butonuna basar.....................................................passed
And first name girer "mehmet"...............................................passed
And "1" saniye bekler.......................................................passed
And Last name girer "bulut".................................................passed
And Position girer "teacher"................................................passed
And Office girer "ankara"...................................................passed
And Extention girer "---"...................................................passed
And Start date girer "2020-12-10"...........................................passed
And Salary girer "1000".....................................................passed
And Create tusuna basar.....................................................passed
When kullanici "mehmet" ile arama yapar.....................................passed
Then isim bolumunde "mehmet" oldugunu dogrular..............................passed
And kullanici sayfayi kapatir...............................................passed
]]></system-out>
</testcase>
<testcase classname="US1007_kullanici_data_ekleyebilmeli" name="TC09_5_farkli kisi_ile_farkli_kombinasyonlari_calismali 2" time="48.033">
<system-out><![CDATA[When kullanici "datatable_url" anasayfaya gider.............................passed
Then new butonuna basar.....................................................passed
And first name girer "yasin"................................................passed
And "1" saniye bekler.......................................................passed
And Last name girer "kaya"..................................................passed
And Position girer "manager"................................................passed
And Office girer "ankara"...................................................passed
And Extention girer "--"....................................................passed
And Start date girer "2020-10-15"...........................................passed
And Salary girer "10000"....................................................passed
And Create tusuna basar.....................................................passed
When kullanici "yasin" ile arama yapar......................................passed
Then isim bolumunde "yasin" oldugunu dogrular...............................passed
And kullanici sayfayi kapatir...............................................passed
]]></system-out>
</testcase>
<testcase classname="US1007_kullanici_data_ekleyebilmeli" name="TC09_5_farkli kisi_ile_farkli_kombinasyonlari_calismali 3" time="23.007">
<failure message="Failed to instantiate class stepdefinitions.DataTableStepDefinitions" type="io.cucumber.core.exception.CucumberException"><![CDATA[When kullanici "datatable_url" anasayfaya gider.............................passed
Then new butonuna basar.....................................................failed
And first name girer "cevat"................................................skipped
And "1" saniye bekler.......................................................skipped
And Last name girer "fehmi".................................................skipped
And Position girer "tester".................................................skipped
And Office girer "istanbul".................................................skipped
And Extention girer "Dr"....................................................skipped
And Start date girer "2020-05-15"...........................................skipped
And Salary girer "12500000".................................................skipped
And Create tusuna basar.....................................................skipped
When kullanici "cevat" ile arama yapar......................................skipped
Then isim bolumunde "cevat" oldugunu dogrular...............................skipped
And kullanici sayfayi kapatir...............................................skipped

StackTrace:
io.cucumber.core.exception.CucumberException: Failed to instantiate class stepdefinitions.DataTableStepDefinitions
	at io.cucumber.core.runtime.ObjectFactoryServiceLoader$DefaultJavaObjectFactory.cacheNewInstance(ObjectFactoryServiceLoader.java:140)
	at io.cucumber.core.runtime.ObjectFactoryServiceLoader$DefaultJavaObjectFactory.getInstance(ObjectFactoryServiceLoader.java:124)
	at io.cucumber.java.AbstractGlueDefinition.invokeMethod(AbstractGlueDefinition.java:47)
	at io.cucumber.java.JavaStepDefinition.execute(JavaStepDefinition.java:29)
	at io.cucumber.core.runner.CoreStepDefinition.execute(CoreStepDefinition.java:66)
	at io.cucumber.core.runner.PickleStepDefinitionMatch.runStep(PickleStepDefinitionMatch.java:63)
	at io.cucumber.core.runner.TestStep.executeStep(TestStep.java:92)
	at io.cucumber.core.runner.TestStep.run(TestStep.java:63)
	at io.cucumber.core.runner.PickleStepTestStep.run(PickleStepTestStep.java:49)
	at io.cucumber.core.runner.TestCase.run(TestCase.java:99)
	at io.cucumber.core.runner.Runner.runPickle(Runner.java:71)
	at io.cucumber.junit.PickleRunners$NoStepDescriptions.run(PickleRunners.java:151)
	at io.cucumber.junit.FeatureRunner.runChild(FeatureRunner.java:135)
	at io.cucumber.junit.FeatureRunner.runChild(FeatureRunner.java:27)
	at org.junit.runners.ParentRunner$4.run(ParentRunner.java:331)
	at org.junit.runners.ParentRunner$1.schedule(ParentRunner.java:79)
	at org.junit.runners.ParentRunner.runChildren(ParentRunner.java:329)
	at org.junit.runners.ParentRunner.access$100(ParentRunner.java:66)
	at org.junit.runners.ParentRunner$2.evaluate(ParentRunner.java:293)
	at org.junit.runners.ParentRunner$3.evaluate(ParentRunner.java:306)
	at org.junit.runners.ParentRunner.run(ParentRunner.java:413)
	at io.cucumber.junit.Cucumber.runChild(Cucumber.java:199)
	at io.cucumber.junit.Cucumber.runChild(Cucumber.java:90)
	at org.junit.runners.ParentRunner$4.run(ParentRunner.java:331)
	at org.apache.maven.surefire.junitcore.pc.Scheduler$1.run(Scheduler.java:405)
	at org.apache.maven.surefire.junitcore.pc.InvokerStrategy.schedule(InvokerStrategy.java:54)
	at org.apache.maven.surefire.junitcore.pc.Scheduler.schedule(Scheduler.java:362)
	at org.junit.runners.ParentRunner.runChildren(ParentRunner.java:329)
	at org.junit.runners.ParentRunner.access$100(ParentRunner.java:66)
	at org.junit.runners.ParentRunner$2.evaluate(ParentRunner.java:293)
	at io.cucumber.junit.Cucumber$RunCucumber.evaluate(Cucumber.java:234)
	at org.junit.runners.ParentRunner$3.evaluate(ParentRunner.java:306)
	at org.junit.runners.ParentRunner.run(ParentRunner.java:413)
	at org.junit.runners.Suite.runChild(Suite.java:128)
	at org.junit.runners.Suite.runChild(Suite.java:27)
	at org.junit.runners.ParentRunner$4.run(ParentRunner.java:331)
	at org.apache.maven.surefire.junitcore.pc.Scheduler$1.run(Scheduler.java:405)
	at java.util.concurrent.Executors$RunnableAdapter.call(Executors.java:511)
	at java.util.concurrent.FutureTask.run(FutureTask.java:266)
	at java.util.concurrent.ThreadPoolExecutor.runWorker(ThreadPoolExecutor.java:1149)
	at java.util.concurrent.ThreadPoolExecutor$Worker.run(ThreadPoolExecutor.java:624)
	at java.lang.Thread.run(Thread.java:748)
Caused by: java.lang.reflect.InvocationTargetException
	at sun.reflect.NativeConstructorAccessorImpl.newInstance0(Native Method)
	at sun.reflect.NativeConstructorAccessorImpl.newInstance(NativeConstructorAccessorImpl.java:62)
	at sun.reflect.DelegatingConstructorAccessorImpl.newInstance(DelegatingConstructorAccessorImpl.java:45)
	at java.lang.reflect.Constructor.newInstance(Constructor.java:423)
	at io.cucumber.core.runtime.ObjectFactoryServiceLoader$DefaultJavaObjectFactory.cacheNewInstance(ObjectFactoryServiceLoader.java:132)
	... 41 more
Caused by: org.openqa.selenium.WebDriverException: unknown error: failed to change window state to 'normal', current state is 'maximized'
  (Session info: chrome=87.0.4280.88)
Build info: version: '3.141.59', revision: 'e82be7d358', time: '2018-11-14T08:17:03'
System info: host: 'PC-BILGISAYAR', ip: '192.168.60.91', os.name: 'Windows 7', os.arch: 'amd64', os.version: '6.1', java.version: '1.8.0_261'
Driver info: org.openqa.selenium.chrome.ChromeDriver
Capabilities {acceptInsecureCerts: false, browserName: chrome, browserVersion: 87.0.4280.88, chrome: {chromedriverVersion: 87.0.4280.88 (89e2380a3e36c..., userDataDir: C:\Users\pc\AppData\Local\T...}, goog:chromeOptions: {debuggerAddress: localhost:54224}, javascriptEnabled: true, networkConnectionEnabled: false, pageLoadStrategy: normal, platform: WINDOWS, platformName: WINDOWS, proxy: Proxy(), setWindowRect: true, strictFileInteractability: false, timeouts: {implicit: 0, pageLoad: 300000, script: 30000}, unhandledPromptBehavior: dismiss and notify, webauthn:virtualAuthenticators: true}
Session ID: e173dc41e912399b3fd43bc20f029d06
	at sun.reflect.NativeConstructorAccessorImpl.newInstance0(Native Method)
	at sun.reflect.NativeConstructorAccessorImpl.newInstance(NativeConstructorAccessorImpl.java:62)
	at sun.reflect.DelegatingConstructorAccessorImpl.newInstance(DelegatingConstructorAccessorImpl.java:45)
	at java.lang.reflect.Constructor.newInstance(Constructor.java:423)
	at org.openqa.selenium.remote.http.W3CHttpResponseCodec.createException(W3CHttpResponseCodec.java:187)
	at org.openqa.selenium.remote.http.W3CHttpResponseCodec.decode(W3CHttpResponseCodec.java:122)
	at org.openqa.selenium.remote.http.W3CHttpResponseCodec.decode(W3CHttpResponseCodec.java:49)
	at org.openqa.selenium.remote.HttpCommandExecutor.execute(HttpCommandExecutor.java:158)
	at org.openqa.selenium.remote.service.DriverCommandExecutor.execute(DriverCommandExecutor.java:83)
	at org.openqa.selenium.remote.RemoteWebDriver.execute(RemoteWebDriver.java:552)
	at org.openqa.selenium.remote.RemoteWebDriver.execute(RemoteWebDriver.java:609)
	at org.openqa.selenium.remote.RemoteWebDriver$RemoteWebDriverOptions$RemoteWindow.maximize(RemoteWebDriver.java:837)
	at utilities.Driver.getDriver(Driver.java:44)
	at pages.DataTablePage.<init>(DataTablePage.java:9)
	at stepdefinitions.DataTableStepDefinitions.<init>(DataTableStepDefinitions.java:10)
	... 46 more
]]></failure>
</testcase>
<testcase classname="US1007_kullanici_data_ekleyebilmeli" name="TC09_5_farkli kisi_ile_farkli_kombinasyonlari_calismali 4" time="24.028">
<system-out><![CDATA[When kullanici "datatable_url" anasayfaya gider.............................passed
Then new butonuna basar.....................................................passed
And first name girer "adnan"................................................passed
And "1" saniye bekler.......................................................passed
And Last name girer "calis".................................................passed
And Position girer "QA lead"................................................passed
And Office girer "berlin"...................................................passed
And Extention girer "Master"................................................passed
And Start date girer "2020-03-16"...........................................passed
And Salary girer "-25000"...................................................passed
And Create tusuna basar.....................................................passed
When kullanici "adnan" ile arama yapar......................................passed
Then isim bolumunde "adnan" oldugunu dogrular...............................passed
And kullanici sayfayi kapatir...............................................passed
]]></system-out>
</testcase>
<testcase classname="US1007_kullanici_data_ekleyebilmeli" name="TC09_5_farkli kisi_ile_farkli_kombinasyonlari_calismali 5" time="11.528">
<failure message="Failed to instantiate class stepdefinitions.DataTableStepDefinitions" type="io.cucumber.core.exception.CucumberException"><![CDATA[When kullanici "datatable_url" anasayfaya gider.............................passed
Then new butonuna basar.....................................................failed
And first name girer "selin"................................................skipped
And "1" saniye bekler.......................................................skipped
And Last name girer "gul"...................................................skipped
And Position girer "Manuel tester"..........................................skipped
And Office girer "munih"....................................................skipped
And Extention girer "--"....................................................skipped
And Start date girer "2020-12-12"...........................................skipped
And Salary girer "1256125"..................................................skipped
And Create tusuna basar.....................................................skipped
When kullanici "selin" ile arama yapar......................................skipped
Then isim bolumunde "selin" oldugunu dogrular...............................skipped
And kullanici sayfayi kapatir...............................................skipped

StackTrace:
io.cucumber.core.exception.CucumberException: Failed to instantiate class stepdefinitions.DataTableStepDefinitions
	at io.cucumber.core.runtime.ObjectFactoryServiceLoader$DefaultJavaObjectFactory.cacheNewInstance(ObjectFactoryServiceLoader.java:140)
	at io.cucumber.core.runtime.ObjectFactoryServiceLoader$DefaultJavaObjectFactory.getInstance(ObjectFactoryServiceLoader.java:124)
	at io.cucumber.java.AbstractGlueDefinition.invokeMethod(AbstractGlueDefinition.java:47)
	at io.cucumber.java.JavaStepDefinition.execute(JavaStepDefinition.java:29)
	at io.cucumber.core.runner.CoreStepDefinition.execute(CoreStepDefinition.java:66)
	at io.cucumber.core.runner.PickleStepDefinitionMatch.runStep(PickleStepDefinitionMatch.java:63)
	at io.cucumber.core.runner.TestStep.executeStep(TestStep.java:92)
	at io.cucumber.core.runner.TestStep.run(TestStep.java:63)
	at io.cucumber.core.runner.PickleStepTestStep.run(PickleStepTestStep.java:49)
	at io.cucumber.core.runner.TestCase.run(TestCase.java:99)
	at io.cucumber.core.runner.Runner.runPickle(Runner.java:71)
	at io.cucumber.junit.PickleRunners$NoStepDescriptions.run(PickleRunners.java:151)
	at io.cucumber.junit.FeatureRunner.runChild(FeatureRunner.java:135)
	at io.cucumber.junit.FeatureRunner.runChild(FeatureRunner.java:27)
	at org.junit.runners.ParentRunner$4.run(ParentRunner.java:331)
	at org.junit.runners.ParentRunner$1.schedule(ParentRunner.java:79)
	at org.junit.runners.ParentRunner.runChildren(ParentRunner.java:329)
	at org.junit.runners.ParentRunner.access$100(ParentRunner.java:66)
	at org.junit.runners.ParentRunner$2.evaluate(ParentRunner.java:293)
	at org.junit.runners.ParentRunner$3.evaluate(ParentRunner.java:306)
	at org.junit.runners.ParentRunner.run(ParentRunner.java:413)
	at io.cucumber.junit.Cucumber.runChild(Cucumber.java:199)
	at io.cucumber.junit.Cucumber.runChild(Cucumber.java:90)
	at org.junit.runners.ParentRunner$4.run(ParentRunner.java:331)
	at org.apache.maven.surefire.junitcore.pc.Scheduler$1.run(Scheduler.java:405)
	at org.apache.maven.surefire.junitcore.pc.InvokerStrategy.schedule(InvokerStrategy.java:54)
	at org.apache.maven.surefire.junitcore.pc.Scheduler.schedule(Scheduler.java:362)
	at org.junit.runners.ParentRunner.runChildren(ParentRunner.java:329)
	at org.junit.runners.ParentRunner.access$100(ParentRunner.java:66)
	at org.junit.runners.ParentRunner$2.evaluate(ParentRunner.java:293)
	at io.cucumber.junit.Cucumber$RunCucumber.evaluate(Cucumber.java:234)
	at org.junit.runners.ParentRunner$3.evaluate(ParentRunner.java:306)
	at org.junit.runners.ParentRunner.run(ParentRunner.java:413)
	at org.junit.runners.Suite.runChild(Suite.java:128)
	at org.junit.runners.Suite.runChild(Suite.java:27)
	at org.junit.runners.ParentRunner$4.run(ParentRunner.java:331)
	at org.apache.maven.surefire.junitcore.pc.Scheduler$1.run(Scheduler.java:405)
	at java.util.concurrent.Executors$RunnableAdapter.call(Executors.java:511)
	at java.util.concurrent.FutureTask.run(FutureTask.java:266)
	at java.util.concurrent.ThreadPoolExecutor.runWorker(ThreadPoolExecutor.java:1149)
	at java.util.concurrent.ThreadPoolExecutor$Worker.run(ThreadPoolExecutor.java:624)
	at java.lang.Thread.run(Thread.java:748)
Caused by: java.lang.reflect.InvocationTargetException
	at sun.reflect.NativeConstructorAccessorImpl.newInstance0(Native Method)
	at sun.reflect.NativeConstructorAccessorImpl.newInstance(NativeConstructorAccessorImpl.java:62)
	at sun.reflect.DelegatingConstructorAccessorImpl.newInstance(DelegatingConstructorAccessorImpl.java:45)
	at java.lang.reflect.Constructor.newInstance(Constructor.java:423)
	at io.cucumber.core.runtime.ObjectFactoryServiceLoader$DefaultJavaObjectFactory.cacheNewInstance(ObjectFactoryServiceLoader.java:132)
	... 41 more
Caused by: org.openqa.selenium.WebDriverException: unknown error: failed to change window state to 'normal', current state is 'maximized'
  (Session info: chrome=87.0.4280.88)
Build info: version: '3.141.59', revision: 'e82be7d358', time: '2018-11-14T08:17:03'
System info: host: 'PC-BILGISAYAR', ip: '192.168.60.91', os.name: 'Windows 7', os.arch: 'amd64', os.version: '6.1', java.version: '1.8.0_261'
Driver info: org.openqa.selenium.chrome.ChromeDriver
Capabilities {acceptInsecureCerts: false, browserName: chrome, browserVersion: 87.0.4280.88, chrome: {chromedriverVersion: 87.0.4280.88 (89e2380a3e36c..., userDataDir: C:\Users\pc\AppData\Local\T...}, goog:chromeOptions: {debuggerAddress: localhost:54278}, javascriptEnabled: true, networkConnectionEnabled: false, pageLoadStrategy: normal, platform: WINDOWS, platformName: WINDOWS, proxy: Proxy(), setWindowRect: true, strictFileInteractability: false, timeouts: {implicit: 0, pageLoad: 300000, script: 30000}, unhandledPromptBehavior: dismiss and notify, webauthn:virtualAuthenticators: true}
Session ID: 04fd490a7b41088fb877d4b668d3daff
	at sun.reflect.NativeConstructorAccessorImpl.newInstance0(Native Method)
	at sun.reflect.NativeConstructorAccessorImpl.newInstance(NativeConstructorAccessorImpl.java:62)
	at sun.reflect.DelegatingConstructorAccessorImpl.newInstance(DelegatingConstructorAccessorImpl.java:45)
	at java.lang.reflect.Constructor.newInstance(Constructor.java:423)
	at org.openqa.selenium.remote.http.W3CHttpResponseCodec.createException(W3CHttpResponseCodec.java:187)
	at org.openqa.selenium.remote.http.W3CHttpResponseCodec.decode(W3CHttpResponseCodec.java:122)
	at org.openqa.selenium.remote.http.W3CHttpResponseCodec.decode(W3CHttpResponseCodec.java:49)
	at org.openqa.selenium.remote.HttpCommandExecutor.execute(HttpCommandExecutor.java:158)
	at org.openqa.selenium.remote.service.DriverCommandExecutor.execute(DriverCommandExecutor.java:83)
	at org.openqa.selenium.remote.RemoteWebDriver.execute(RemoteWebDriver.java:552)
	at org.openqa.selenium.remote.RemoteWebDriver.execute(RemoteWebDriver.java:609)
	at org.openqa.selenium.remote.RemoteWebDriver$RemoteWebDriverOptions$RemoteWindow.maximize(RemoteWebDriver.java:837)
	at utilities.Driver.getDriver(Driver.java:44)
	at pages.DataTablePage.<init>(DataTablePage.java:9)
	at stepdefinitions.DataTableStepDefinitions.<init>(DataTableStepDefinitions.java:10)
	... 46 more
]]></failure>
</testcase>
<testcase classname="Unknown" name="TC10 kullanici gecerli bilgilerle giris yapar" time="67.559">
<system-out><![CDATA[Given kullanici "Ck_Hotels_Url" anasayfaya gider............................passed
Then Log in yazisina tiklar.................................................passed
And gecerli username girer..................................................passed
And gecerli password girer..................................................passed
And Login butonuna basar....................................................passed
Then sayfaya giris yaptigini kontrol eder...................................passed
And kullanici sayfayi kapatir...............................................passed
]]></system-out>
</testcase>
<testcase classname="US1009 Ck Hotels Log" name="TC11 kullanici gecersiz bilgilerle giris yapamaz" time="49.127">
<system-out><![CDATA[Given kullanici "Ck_Hotels_Url" anasayfaya gider............................passed
Then Log in yazisina tiklar.................................................passed
And gecersiz username girer.................................................passed
And gecersiz password girer.................................................passed
And Login butonuna basar....................................................passed
Then sayfaya giris yapilamadigini kontrol eder..............................passed
And kullanici sayfayi kapatir...............................................passed
]]></system-out>
</testcase>
</testsuite>
